This file contains any messages produced by compilers while
running configure, to aid debugging if configure makes a mistake.

It was created by gocr configure 0.48, which was
generated by GNU Autoconf 2.59.  Invocation command line was

  $ ./configure --with-netpbm=no --host=arm-xscale-linux-gnueabi

## --------- ##
## Platform. ##
## --------- ##

hostname = gnu
uname -m = i686
uname -r = 2.6.32-24-generic
uname -s = Linux
uname -v = #39-Ubuntu SMP Wed Jul 28 06:07:29 UTC 2010

/usr/bin/uname -p = unknown
/bin/uname -X     = unknown

/bin/arch              = unknown
/usr/bin/arch -k       = unknown
/usr/convex/getsysinfo = unknown
hostinfo               = unknown
/bin/machine           = unknown
/usr/bin/oslevel       = unknown
/bin/universe          = unknown

PATH: /opt/freescale/usr/local/gcc-4.3.3-glibc-2.8-cs2009q1-203/arm-none-linux-gnueabi/bin/
PATH: /home/koushik/bin
PATH: /usr/bin
PATH: /bin
PATH: /usr/bin/X11
PATH: /usr/local/bin
PATH: /usr/games
PATH: /opt/Olai/arm-xscale-linux-gnueabi/gcc-4.1.2-glibc-2.5-kernel-2.6.18/bin/


## ----------- ##
## Core tests. ##
## ----------- ##

configure:1316: checking for arm-xscale-linux-gnueabi-gcc
configure:1332: found /opt/Olai/arm-xscale-linux-gnueabi/gcc-4.1.2-glibc-2.5-kernel-2.6.18/bin//arm-xscale-linux-gnueabi-gcc
configure:1342: result: arm-xscale-linux-gnueabi-gcc
configure:1624: checking for C compiler version
configure:1627: arm-xscale-linux-gnueabi-gcc --version </dev/null >&5
arm-xscale-linux-gnueabi-gcc (GCC) 4.1.2
Copyright (C) 2006 Free Software Foundation, Inc.
This is free software; see the source for copying conditions.  There is NO
warranty; not even for MERCHANTABILITY or FITNESS FOR A PARTICULAR PURPOSE.

configure:1630: $? = 0
configure:1632: arm-xscale-linux-gnueabi-gcc -v </dev/null >&5
Using built-in specs.
Target: arm-xscale-linux-gnueabi
Configured with: /mnt/work/tmp/toolchain/OSELAS/OSELAS.Toolchain-1.1.0/build-cross/gcc-4.1.2/configure --host=i686-host-linux-gnu --target=arm-xscale-linux-gnueabi --prefix=/opt/Olai/arm-xscale-linux-gnueabi/gcc-4.1.2-glibc-2.5-kernel-2.6.18 --with-sysroot=/opt/Olai/arm-xscale-linux-gnueabi/gcc-4.1.2-glibc-2.5-kernel-2.6.18/sysroot-arm-xscale-linux-gnueabi --with-cpu=xscale --with-float=soft --with-fpu=vfp --disable-nls --disable-multilib --enable-symvers=gnu --enable-__cxa_atexit --enable-shared --enable-threads=posix --enable-languages=c,c++ --enable-c99 --enable-long-long
Thread model: posix
gcc version 4.1.2
configure:1635: $? = 0
configure:1637: arm-xscale-linux-gnueabi-gcc -V </dev/null >&5
arm-xscale-linux-gnueabi-gcc: '-V' option must have argument
configure:1640: $? = 1
configure:1663: checking for C compiler default output file name
configure:1666: arm-xscale-linux-gnueabi-gcc    conftest.c  >&5
configure:1669: $? = 0
configure:1715: result: a.out
configure:1720: checking whether the C compiler works
configure:1726: ./a.out
./configure: line 1727: ./a.out: cannot execute binary file
configure:1729: $? = 126
configure:1746: result: yes
configure:1753: checking whether we are cross compiling
configure:1755: result: yes
configure:1758: checking for suffix of executables
configure:1760: arm-xscale-linux-gnueabi-gcc -o conftest    conftest.c  >&5
configure:1763: $? = 0
configure:1788: result: 
configure:1794: checking for suffix of object files
configure:1815: arm-xscale-linux-gnueabi-gcc -c   conftest.c >&5
configure:1818: $? = 0
configure:1840: result: o
configure:1844: checking whether we are using the GNU C compiler
configure:1868: arm-xscale-linux-gnueabi-gcc -c   conftest.c >&5
configure:1874: $? = 0
configure:1878: test -z 
			 || test ! -s conftest.err
configure:1881: $? = 0
configure:1884: test -s conftest.o
configure:1887: $? = 0
configure:1900: result: yes
configure:1906: checking whether arm-xscale-linux-gnueabi-gcc accepts -g
configure:1927: arm-xscale-linux-gnueabi-gcc -c -g  conftest.c >&5
configure:1933: $? = 0
configure:1937: test -z 
			 || test ! -s conftest.err
configure:1940: $? = 0
configure:1943: test -s conftest.o
configure:1946: $? = 0
configure:1957: result: yes
configure:1974: checking for arm-xscale-linux-gnueabi-gcc option to accept ANSI C
configure:2044: arm-xscale-linux-gnueabi-gcc  -c -g -O2  conftest.c >&5
configure:2050: $? = 0
configure:2054: test -z 
			 || test ! -s conftest.err
configure:2057: $? = 0
configure:2060: test -s conftest.o
configure:2063: $? = 0
configure:2081: result: none needed
configure:2099: arm-xscale-linux-gnueabi-gcc -c -g -O2  conftest.c >&5
conftest.c:2: error: expected '=', ',', ';', 'asm' or '__attribute__' before 'me'
configure:2105: $? = 1
configure: failed program was:
| #ifndef __cplusplus
|   choke me
| #endif
configure:2276: checking for a BSD-compatible install
configure:2331: result: /usr/bin/install -c
configure:2342: checking whether make sets $(MAKE)
configure:2362: result: yes
configure:2535: checking how to run the C preprocessor
configure:2570: arm-xscale-linux-gnueabi-gcc -E  conftest.c
configure:2576: $? = 0
configure:2608: arm-xscale-linux-gnueabi-gcc -E  conftest.c
conftest.c:9:28: error: ac_nonexistent.h: No such file or directory
configure:2614: $? = 1
configure: failed program was:
| /* confdefs.h.  */
| 
| #define PACKAGE_NAME "gocr"
| #define PACKAGE_TARNAME "gocr"
| #define PACKAGE_VERSION "0.48"
| #define PACKAGE_STRING "gocr 0.48"
| #define PACKAGE_BUGREPORT ""
| /* end confdefs.h.  */
| #include <ac_nonexistent.h>
configure:2653: result: arm-xscale-linux-gnueabi-gcc -E
configure:2677: arm-xscale-linux-gnueabi-gcc -E  conftest.c
configure:2683: $? = 0
configure:2715: arm-xscale-linux-gnueabi-gcc -E  conftest.c
conftest.c:9:28: error: ac_nonexistent.h: No such file or directory
configure:2721: $? = 1
configure: failed program was:
| /* confdefs.h.  */
| 
| #define PACKAGE_NAME "gocr"
| #define PACKAGE_TARNAME "gocr"
| #define PACKAGE_VERSION "0.48"
| #define PACKAGE_STRING "gocr 0.48"
| #define PACKAGE_BUGREPORT ""
| /* end confdefs.h.  */
| #include <ac_nonexistent.h>
configure:2765: checking for egrep
configure:2775: result: grep -E
configure:2780: checking for ANSI C header files
configure:2805: arm-xscale-linux-gnueabi-gcc -c -g -O2  conftest.c >&5
configure:2811: $? = 0
configure:2815: test -z 
			 || test ! -s conftest.err
configure:2818: $? = 0
configure:2821: test -s conftest.o
configure:2824: $? = 0
configure:2936: result: yes
configure:2960: checking for sys/types.h
configure:2976: arm-xscale-linux-gnueabi-gcc -c -g -O2  conftest.c >&5
configure:2982: $? = 0
configure:2986: test -z 
			 || test ! -s conftest.err
configure:2989: $? = 0
configure:2992: test -s conftest.o
configure:2995: $? = 0
configure:3006: result: yes
configure:2960: checking for sys/stat.h
configure:2976: arm-xscale-linux-gnueabi-gcc -c -g -O2  conftest.c >&5
configure:2982: $? = 0
configure:2986: test -z 
			 || test ! -s conftest.err
configure:2989: $? = 0
configure:2992: test -s conftest.o
configure:2995: $? = 0
configure:3006: result: yes
configure:2960: checking for stdlib.h
configure:2976: arm-xscale-linux-gnueabi-gcc -c -g -O2  conftest.c >&5
configure:2982: $? = 0
configure:2986: test -z 
			 || test ! -s conftest.err
configure:2989: $? = 0
configure:2992: test -s conftest.o
configure:2995: $? = 0
configure:3006: result: yes
configure:2960: checking for string.h
configure:2976: arm-xscale-linux-gnueabi-gcc -c -g -O2  conftest.c >&5
configure:2982: $? = 0
configure:2986: test -z 
			 || test ! -s conftest.err
configure:2989: $? = 0
configure:2992: test -s conftest.o
configure:2995: $? = 0
configure:3006: result: yes
configure:2960: checking for memory.h
configure:2976: arm-xscale-linux-gnueabi-gcc -c -g -O2  conftest.c >&5
configure:2982: $? = 0
configure:2986: test -z 
			 || test ! -s conftest.err
configure:2989: $? = 0
configure:2992: test -s conftest.o
configure:2995: $? = 0
configure:3006: result: yes
configure:2960: checking for strings.h
configure:2976: arm-xscale-linux-gnueabi-gcc -c -g -O2  conftest.c >&5
configure:2982: $? = 0
configure:2986: test -z 
			 || test ! -s conftest.err
configure:2989: $? = 0
configure:2992: test -s conftest.o
configure:2995: $? = 0
configure:3006: result: yes
configure:2960: checking for inttypes.h
configure:2976: arm-xscale-linux-gnueabi-gcc -c -g -O2  conftest.c >&5
configure:2982: $? = 0
configure:2986: test -z 
			 || test ! -s conftest.err
configure:2989: $? = 0
configure:2992: test -s conftest.o
configure:2995: $? = 0
configure:3006: result: yes
configure:2960: checking for stdint.h
configure:2976: arm-xscale-linux-gnueabi-gcc -c -g -O2  conftest.c >&5
configure:2982: $? = 0
configure:2986: test -z 
			 || test ! -s conftest.err
configure:2989: $? = 0
configure:2992: test -s conftest.o
configure:2995: $? = 0
configure:3006: result: yes
configure:2960: checking for unistd.h
configure:2976: arm-xscale-linux-gnueabi-gcc -c -g -O2  conftest.c >&5
configure:2982: $? = 0
configure:2986: test -z 
			 || test ! -s conftest.err
configure:2989: $? = 0
configure:2992: test -s conftest.o
configure:2995: $? = 0
configure:3006: result: yes
configure:3025: checking for unistd.h
configure:3030: result: yes
configure:3034: checking wchar.h usability
configure:3046: arm-xscale-linux-gnueabi-gcc -c -g -O2  conftest.c >&5
configure:3052: $? = 0
configure:3056: test -z 
			 || test ! -s conftest.err
configure:3059: $? = 0
configure:3062: test -s conftest.o
configure:3065: $? = 0
configure:3075: result: yes
configure:3079: checking wchar.h presence
configure:3089: arm-xscale-linux-gnueabi-gcc -E  conftest.c
configure:3095: $? = 0
configure:3115: result: yes
configure:3150: checking for wchar.h
configure:3157: result: yes
configure:3171: checking for an ANSI C-conforming const
configure:3238: arm-xscale-linux-gnueabi-gcc -c -g -O2  conftest.c >&5
configure:3244: $? = 0
configure:3248: test -z 
			 || test ! -s conftest.err
configure:3251: $? = 0
configure:3254: test -s conftest.o
configure:3257: $? = 0
configure:3268: result: yes
configure:3279: checking for function prototypes
configure:3282: result: yes
configure:3299: checking whether setvbuf arguments are reversed
configure:3324: arm-xscale-linux-gnueabi-gcc -o conftest -g -O2   conftest.c  >&5
conftest.c:25: error: conflicting types for 'setvbuf'
/opt/Olai/arm-xscale-linux-gnueabi/gcc-4.1.2-glibc-2.5-kernel-2.6.18/sysroot-arm-xscale-linux-gnueabi/usr/include/stdio.h:306: error: previous declaration of 'setvbuf' was here
configure:3330: $? = 1
configure: failed program was:
| /* confdefs.h.  */
| 
| #define PACKAGE_NAME "gocr"
| #define PACKAGE_TARNAME "gocr"
| #define PACKAGE_VERSION "0.48"
| #define PACKAGE_STRING "gocr 0.48"
| #define PACKAGE_BUGREPORT ""
| #define STDC_HEADERS 1
| #define HAVE_SYS_TYPES_H 1
| #define HAVE_SYS_STAT_H 1
| #define HAVE_STDLIB_H 1
| #define HAVE_STRING_H 1
| #define HAVE_MEMORY_H 1
| #define HAVE_STRINGS_H 1
| #define HAVE_INTTYPES_H 1
| #define HAVE_STDINT_H 1
| #define HAVE_UNISTD_H 1
| #define HAVE_UNISTD_H 1
| #define HAVE_WCHAR_H 1
| #define PROTOTYPES 1
| #define __PROTOTYPES 1
| /* end confdefs.h.  */
| #include <stdio.h>
| #	  if PROTOTYPES
| 	   int (setvbuf) (FILE *, int, char *, size_t);
| #	  endif
| int
| main ()
| {
| char buf; return setvbuf (stdout, _IOLBF, &buf, 1);
|   ;
|   return 0;
| }
configure:3451: result: no
configure:3468: checking for wcschr
configure:3525: arm-xscale-linux-gnueabi-gcc -o conftest -g -O2   conftest.c  >&5
configure:3531: $? = 0
configure:3535: test -z 
			 || test ! -s conftest.err
configure:3538: $? = 0
configure:3541: test -s conftest
configure:3544: $? = 0
configure:3556: result: yes
configure:3468: checking for wcsdup
configure:3525: arm-xscale-linux-gnueabi-gcc -o conftest -g -O2   conftest.c  >&5
configure:3531: $? = 0
configure:3535: test -z 
			 || test ! -s conftest.err
configure:3538: $? = 0
configure:3541: test -s conftest
configure:3544: $? = 0
configure:3556: result: yes
configure:3468: checking for gettimeofday
configure:3525: arm-xscale-linux-gnueabi-gcc -o conftest -g -O2   conftest.c  >&5
configure:3531: $? = 0
configure:3535: test -z 
			 || test ! -s conftest.err
configure:3538: $? = 0
configure:3541: test -s conftest
configure:3544: $? = 0
configure:3556: result: yes
configure:3468: checking for popen
configure:3525: arm-xscale-linux-gnueabi-gcc -o conftest -g -O2   conftest.c  >&5
configure:3531: $? = 0
configure:3535: test -z 
			 || test ! -s conftest.err
configure:3538: $? = 0
configure:3541: test -s conftest
configure:3544: $? = 0
configure:3556: result: yes
configure:3665: creating ./config.status

## ---------------------- ##
## Running config.status. ##
## ---------------------- ##

This file was extended by gocr config.status 0.48, which was
generated by GNU Autoconf 2.59.  Invocation command line was

  CONFIG_FILES    = 
  CONFIG_HEADERS  = 
  CONFIG_LINKS    = 
  CONFIG_COMMANDS = 
  $ ./config.status 

on gnu

config.status:653: creating Makefile
config.status:653: creating src/Makefile
config.status:653: creating doc/Makefile
config.status:653: creating man/Makefile
config.status:757: creating include/config.h
config.status:873: include/config.h is unchanged

## ---------------- ##
## Cache variables. ##
## ---------------- ##

ac_cv_c_compiler_gnu=yes
ac_cv_c_const=yes
ac_cv_env_CC_set=
ac_cv_env_CC_value=
ac_cv_env_CFLAGS_set=
ac_cv_env_CFLAGS_value=
ac_cv_env_CPPFLAGS_set=
ac_cv_env_CPPFLAGS_value=
ac_cv_env_CPP_set=
ac_cv_env_CPP_value=
ac_cv_env_LDFLAGS_set=
ac_cv_env_LDFLAGS_value=
ac_cv_env_build_alias_set=
ac_cv_env_build_alias_value=
ac_cv_env_host_alias_set=set
ac_cv_env_host_alias_value=arm-xscale-linux-gnueabi
ac_cv_env_target_alias_set=
ac_cv_env_target_alias_value=
ac_cv_exeext=
ac_cv_func_gettimeofday=yes
ac_cv_func_popen=yes
ac_cv_func_setvbuf_reversed=no
ac_cv_func_wcschr=yes
ac_cv_func_wcsdup=yes
ac_cv_header_inttypes_h=yes
ac_cv_header_memory_h=yes
ac_cv_header_stdc=yes
ac_cv_header_stdint_h=yes
ac_cv_header_stdlib_h=yes
ac_cv_header_string_h=yes
ac_cv_header_strings_h=yes
ac_cv_header_sys_stat_h=yes
ac_cv_header_sys_types_h=yes
ac_cv_header_unistd_h=yes
ac_cv_header_wchar_h=yes
ac_cv_objext=o
ac_cv_path_install='/usr/bin/install -c'
ac_cv_prog_CC=arm-xscale-linux-gnueabi-gcc
ac_cv_prog_CPP='arm-xscale-linux-gnueabi-gcc -E'
ac_cv_prog_cc_g=yes
ac_cv_prog_cc_stdc=
ac_cv_prog_egrep='grep -E'
ac_cv_prog_make_make_set=yes

## ----------------- ##
## Output variables. ##
## ----------------- ##

CC='arm-xscale-linux-gnueabi-gcc'
CFLAGS='-g -O2'
CPP='arm-xscale-linux-gnueabi-gcc -E'
CPPFLAGS=''
DEFS='-DHAVE_CONFIG_H'
ECHO_C=''
ECHO_N='-n'
ECHO_T=''
EGREP='grep -E'
EXEEXT=''
INSTALL_DATA='${INSTALL} -m 644'
INSTALL_PROGRAM='${INSTALL}'
INSTALL_SCRIPT='${INSTALL}'
LDFLAGS=''
LIBOBJS=''
LIBS=''
LTLIBOBJS=''
OBJEXT='o'
PACKAGE_BUGREPORT=''
PACKAGE_NAME='gocr'
PACKAGE_STRING='gocr 0.48'
PACKAGE_TARNAME='gocr'
PACKAGE_VERSION='0.48'
PATH_SEPARATOR=':'
SET_MAKE=''
SHELL='/bin/bash'
ac_ct_CC=''
bindir='${exec_prefix}/bin'
build_alias=''
datadir='${prefix}/share'
exec_prefix='${prefix}'
host_alias='arm-xscale-linux-gnueabi'
includedir='${prefix}/include'
infodir='${prefix}/info'
libdir='${exec_prefix}/lib'
libexecdir='${exec_prefix}/libexec'
localstatedir='${prefix}/var'
mandir='${prefix}/man'
oldincludedir='/usr/include'
prefix='/usr/local'
program_transform_name='s,x,x,'
sbindir='${exec_prefix}/sbin'
sharedstatedir='${prefix}/com'
sysconfdir='${prefix}/etc'
target_alias=''

## ----------- ##
## confdefs.h. ##
## ----------- ##

#define HAVE_GETTIMEOFDAY 1
#define HAVE_INTTYPES_H 1
#define HAVE_MEMORY_H 1
#define HAVE_POPEN 1
#define HAVE_STDINT_H 1
#define HAVE_STDLIB_H 1
#define HAVE_STRINGS_H 1
#define HAVE_STRING_H 1
#define HAVE_SYS_STAT_H 1
#define HAVE_SYS_TYPES_H 1
#define HAVE_UNISTD_H 1
#define HAVE_UNISTD_H 1
#define HAVE_WCHAR_H 1
#define HAVE_WCSCHR 1
#define HAVE_WCSDUP 1
#define PACKAGE_BUGREPORT ""
#define PACKAGE_NAME "gocr"
#define PACKAGE_STRING "gocr 0.48"
#define PACKAGE_TARNAME "gocr"
#define PACKAGE_VERSION "0.48"
#define PROTOTYPES 1
#define STDC_HEADERS 1
#define __PROTOTYPES 1

configure: exit 0
